Flutter crash report.
Please report a bug at https://github.com/flutter/flutter/issues.

## command

flutter run -d chrome -t lib/main_admin_dev.dart --dart-define-from-file=env/admin_dev.json

## exception

ShaderCompilerException: ShaderCompilerException: Shader compilation of "/opt/homebrew/share/flutter/packages/flutter/lib/src/material/shaders/stretch_effect.frag" to "build/flutter_assets/shaders/stretch_effect.frag" failed with exit code 1.
impellerc stdout:

impellerc stderr:
Could not write file to "build/flutter_assets/shaders/stretch_effect.frag"




```
#0      ShaderCompiler.compileShader (package:flutter_tools/src/build_system/tools/shader_compiler.dart:196:9)
<asynchronous suspension>
#1      writeBundle.<anonymous closure> (package:flutter_tools/src/bundle_builder.dart:208:25)
<asynchronous suspension>
#2      Future.wait.<anonymous closure> (dart:async/future.dart:546:21)
<asynchronous suspension>
#3      writeBundle (package:flutter_tools/src/bundle_builder.dart:171:3)
<asynchronous suspension>
#4      WebDevFS.update (package:flutter_tools/src/isolated/devfs_web.dart:342:9)
<asynchronous suspension>
#5      ResidentWebRunner._updateDevFS (package:flutter_tools/src/isolated/resident_web_runner.dart:801:35)
<asynchronous suspension>
#6      ResidentWebRunner.run.<anonymous closure> (package:flutter_tools/src/isolated/resident_web_runner.dart:334:41)
<asynchronous suspension>
#7      asyncGuard.<anonymous closure> (package:flutter_tools/src/base/async_guard.dart:108:24)
<asynchronous suspension>
```

## flutter doctor

```
[32m[✓][39m Flutter (Channel stable, 3.41.6, on macOS 26.4 25E246 darwin-arm64, locale
    en-IN) [430ms]
    [32m•[39m Flutter version 3.41.6 on channel stable at /opt/homebrew/share/flutter
    [32m•[39m Upstream repository https://github.com/flutter/flutter.git
    [32m•[39m Framework revision db50e20168 (7 weeks ago), 2026-03-25 16:21:00 -0700
    [32m•[39m Engine revision 425cfb54d0
    [32m•[39m Dart version 3.11.4
    [32m•[39m DevTools version 2.54.2
    [32m•[39m Feature flags: enable-web, enable-linux-desktop, enable-macos-desktop,
      enable-windows-desktop, enable-android, enable-ios, cli-animations,
      enable-native-assets, omit-legacy-version-file, enable-lldb-debugging,
      enable-uiscene-migration

[32m[✓][39m Android toolchain - develop for Android devices (Android SDK version 36.1.0)
    [5.0s]
    [32m•[39m Android SDK at /Users/admin/Library/Android/sdk
    [32m•[39m Emulator version 36.5.10.0 (build_id 15081367) (CL:N/A)
    [32m•[39m Platform android-36.1, build-tools 36.1.0
    [32m•[39m ANDROID_HOME = /Users/admin/Library/Android/sdk
    [32m•[39m Java binary at: /Applications/Android
      Studio.app/Contents/jbr/Contents/Home/bin/java
      This is the JDK bundled with the latest Android Studio installation on
      this machine.
      To manually set the JDK path, use: `flutter config
      --jdk-dir="path/to/jdk"`.
    [32m•[39m Java version OpenJDK Runtime Environment (build
      21.0.10+-117844308-b1163.108)
    [32m•[39m All Android licenses accepted.

[32m[✓][39m Xcode - develop for iOS and macOS (Xcode 26.4) [3.1s]
    [32m•[39m Xcode at /Applications/Xcode.app/Contents/Developer
    [32m•[39m Build 17E192
    [32m•[39m CocoaPods version 1.16.2

[32m[✓][39m Chrome - develop for the web [5ms]
    [32m•[39m Chrome at /Applications/Google Chrome.app/Contents/MacOS/Google Chrome

[32m[✓][39m Connected device (3 available) [8.8s]
    [32m•[39m sdk gphone16k arm64 (mobile) • emulator-5554 • android-arm64  • Android 17
      (API 37) (emulator)
    [32m•[39m macOS (desktop)              • macos         • darwin-arm64   • macOS 26.4
      25E246 darwin-arm64
    [32m•[39m Chrome (web)                 • chrome        • web-javascript • Google
      Chrome 148.0.7778.98
    [33m![39m Error: Browsing on the local area network for iPhone. Ensure the device is
      unlocked and attached with a cable or associated with the same local area
      network as this Mac.
      The device must be opted into Developer Mode to connect wirelessly. (code
      -27)

[32m[✓][39m Network resources [607ms]
    [32m•[39m All expected network resources are available.

[32m•[39m No issues found!
```
